a2                                                                                                                      PAGE 1
                         1     ORG 00H
0000 028000              2     LJMP 8000H
                         3     ORG 23H
0023 028051              4     LJMP TRANSMIT
                         5     ORG 8000H
                         6     MAIN:
8000 75A890              7     MOV IE,#90H
8003 7800                8     MOV R0,#00h;stores value of state
8005 7980                9     MOV R1,#80h;START higher order address byte
8007 7A00               10     MOV R2,#00h;START lower order address byte
8009 7B80               11     MOV R3,#80h;END higher address
800B 7C05               12     MOV R4,#05H;END lower address
800D 7D00               13     MOV R5,#00H;count
800F 7E00               14     MOV R6,#00H;checksum
8011 753000             15     MOV 30H,#00H;LOWER LENGTH BYTE
8014 753100             16     MOV 31H,#00H;higher length byte
8017 7532FF             17     MOV 32H,#0FFH;record length
801A 753300             18     MOV 33H,#00H;record type
801D 753400             19     MOV 34H,#00H;END BIT
8020 758300             20     MOV DPH,#00H;data higher byte
8023 758250             21     MOV DPL,#50H;data lower byte
8026 C3                 22     CLR C
8027 EC                 23     MOV A,R4
8028 9A                 24     SUBB A,R2
8029 F530               25     MOV 30H,A
802B EB                 26     MOV A,R3
802C 99                 27     SUBB A,R1
802D F531               28     MOV 31H,A
802F 758920             29     MOV TMOD,#20H
8032 759850             30     MOV SCON,#50H
8035 758DFD             31     MOV TH1,#0FDH
8038 758BFD             32     MOV TL1,#0FDH
803B D28E               33     SETB TR1
803D 75993A             34     MOV SBUF,#3AH
8040 08                 35     INC R0
                        36     LOOP:
8041 00                 37     NOP
8042 028041             38     LJMP LOOP
                        39     ENDING:
8045 753200             40     MOV 32H,#00H
8048 7900               41     MOV R1,#00H
804A 7A00               42     MOV R2,#00H
804C 753301             43     MOV 33H,#01H
804F 800D               44     SJMP CONTINUE
                        45     TRANSMIT:
8051 E534               46     MOV A,34H
8053 B400EF             47     CJNE A,#00H,ENDING
8056 E531               48     MOV A,31H
8058 B40003             49     CJNE A,#00H,CONTINUE
805B 853032             50     MOV 32H,30H
                        51     CONTINUE:
                        52     STATE0:;colon
805E B80008             53     CJNE R0,#00H,STATE1
8061 C299               54     CLR TI
8063 743A               55     MOV A,#3AH
8065 F599               56     MOV SBUF,A
8067 08                 57     INC R0
8068 32                 58     RETI
                        59     STATE1:;length
8069 B8010A             60     CJNE R0,#01H,STATE2
806C C299               61     CLR TI
806E E532               62     MOV A,32H
8070 F599               63     MOV SBUF,A
8072 2E                 64     ADD A,R6
8073 FE                 65     MOV R6,A
8074 08                 66     INC R0
8075 32                 67     RETI
                        68     STATE2:;higher address byte
8076 B80209             69     CJNE R0,#02H,STATE3
8079 C299               70     CLR TI
807B E9                 71     MOV A,R1
807C F599               72     MOV SBUF,A
807E 2E                 73     ADD A,R6
807F FE                 74     MOV R6,A
8080 08                 75     INC R0
8081 32                 76     RETI
                        77     STATE3:;lower address byte
8082 B80309             78     CJNE R0,#03H,STATE4
8085 C299               79     CLR TI
8087 EA                 80     MOV A,R2
8088 F599               81     MOV SBUF,A
808A 2E                 82     ADD A,R6
808B FE                 83     MOV R6,A
808C 08                 84     INC R0
808D 32                 85     RETI
                        86     STATE4:;record type
808E B8040C             87     CJNE R0,#04H,STATE5
8091 C299               88     CLR TI
8093 E533               89     MOV A,33H
8095 2E                 90     ADD A,R6
8096 FE                 91     MOV R6,A
8097 E533               92     MOV A,33H
8099 F599               93     MOV SBUF,A
809B 08                 94     INC R0
809C 32                 95     RETI
                        96     STATE5:;data
809D C299               97     CLR TI
809F B80515             98     CJNE R0,#05H,STATE6
80A2 E533               99     MOV A,33H
80A4 B40010            100     CJNE A,#00H,STATE6
80A7 E0                101     MOVX A,@DPTR
80A8 F599              102     MOV SBUF,A
80AA A3                103     INC DPTR
80AB 0D                104     INC R5
80AC 2E                105     ADD A,R6
80AD FE                106     MOV R6,A
80AE E532              107     MOV A,32H
80B0 B50503            108     CJNE A,05H,BACK
80B3 7D00              109     MOV R5,#00H
80B5 08                110     INC R0
                       111     BACK:
80B6 32                112     RETI
                       113     STATE6:;checksum
80B7 C299              114     CLR TI
80B9 E533              115     MOV A,33H
80BB B40022            116     CJNE A,#00H,BYE
80BE EE                117     MOV A,R6
80BF F4                118     CPL A
80C0 04                119     INC A
80C1 7800              120     MOV R0,#00H
80C3 F599              121     MOV SBUF,A
80C5 E532              122     MOV A,32H
80C7 B4FF12            123     CJNE A,#0FFH,FINAL_CONDITION
80CA C3                124     CLR C
80CB EA                125     MOV A,R2
80CC 34FF              126     ADDC A,#0FFH
80CE FA                127     MOV R2,A
80CF E9                128     MOV A,R1
80D0 3400              129     ADDC A,#00H
80D2 F9                130     MOV R1,A
80D3 EC                131     MOV A,R4
80D4 9A                132     SUBB A,R2
80D5 F530              133     MOV 30H,A
80D7 EB                134     MOV A,R3
80D8 99                135     SUBB A,R1
80D9 F531              136     MOV 31H,A
80DB 32                137     RETI
                       138     FINAL_CONDITION:
80DC 753401            139     MOV 34H,#01H
80DF 32                140     RETI
                       141     BYE:
80E0 7599FF            142     MOV SBUF,#0FFH
                       143     END
ASSEMBLY COMPLETE, NO ERRORS FOUND, NO WARNINGS


SYMBOL TABLE:
??MCU_8051_IDE . . . . . . . . . . .  N  NUMB  8051H  NOT USED
??VERSION. . . . . . . . . . . . . .  N  NUMB  0147H  NOT USED
AC . . . . . . . . . . . . . . . . .  B  ADDR  00D6H  NOT USED
ACC. . . . . . . . . . . . . . . . .  D  ADDR  00E0H  NOT USED
ACSR . . . . . . . . . . . . . . . .  D  ADDR  0097H  NOT USED
ADCF . . . . . . . . . . . . . . . .  D  ADDR  00F6H  NOT USED
ADCLK. . . . . . . . . . . . . . . .  D  ADDR  00F2H  NOT USED
ADCON. . . . . . . . . . . . . . . .  D  ADDR  00F3H  NOT USED
ADDH . . . . . . . . . . . . . . . .  D  ADDR  00F5H  NOT USED
ADDL . . . . . . . . . . . . . . . .  D  ADDR  00F4H  NOT USED
AUXR . . . . . . . . . . . . . . . .  D  ADDR  008EH  NOT USED
AUXR1. . . . . . . . . . . . . . . .  D  ADDR  00A2H  NOT USED
B. . . . . . . . . . . . . . . . . .  D  ADDR  00F0H  NOT USED
BACK . . . . . . . . . . . . . . . .  C  ADDR  80B6H
BDRCON . . . . . . . . . . . . . . .  D  ADDR  009BH  NOT USED
BDRCON_1 . . . . . . . . . . . . . .  D  ADDR  009CH  NOT USED
BRL. . . . . . . . . . . . . . . . .  D  ADDR  009AH  NOT USED
BYE. . . . . . . . . . . . . . . . .  C  ADDR  80E0H
CCAP0H . . . . . . . . . . . . . . .  D  ADDR  00FAH  NOT USED
CCAP0L . . . . . . . . . . . . . . .  D  ADDR  00EAH  NOT USED
CCAP1H . . . . . . . . . . . . . . .  D  ADDR  00FBH  NOT USED
CCAP1L . . . . . . . . . . . . . . .  D  ADDR  00EBH  NOT USED
CCAP2H . . . . . . . . . . . . . . .  D  ADDR  00FCH  NOT USED
CCAP3H . . . . . . . . . . . . . . .  D  ADDR  00FDH  NOT USED
CCAP4H . . . . . . . . . . . . . . .  D  ADDR  00FEH  NOT USED
CCAPL2H. . . . . . . . . . . . . . .  D  ADDR  00FCH  NOT USED
CCAPL2L. . . . . . . . . . . . . . .  D  ADDR  00ECH  NOT USED
CCAPL3H. . . . . . . . . . . . . . .  D  ADDR  00FDH  NOT USED
CCAPL3L. . . . . . . . . . . . . . .  D  ADDR  00EDH  NOT USED
CCAPL4H. . . . . . . . . . . . . . .  D  ADDR  00FEH  NOT USED
CCAPL4L. . . . . . . . . . . . . . .  D  ADDR  00EEH  NOT USED
CCAPM0 . . . . . . . . . . . . . . .  D  ADDR  00DAH  NOT USED
CCAPM1 . . . . . . . . . . . . . . .  D  ADDR  00DBH  NOT USED
CCAPM2 . . . . . . . . . . . . . . .  D  ADDR  00DCH  NOT USED
CCAPM3 . . . . . . . . . . . . . . .  D  ADDR  00DDH  NOT USED
CCAPM4 . . . . . . . . . . . . . . .  D  ADDR  00DEH  NOT USED
CCF0 . . . . . . . . . . . . . . . .  B  ADDR  00D8H  NOT USED
CCF1 . . . . . . . . . . . . . . . .  B  ADDR  00D9H  NOT USED
CCF2 . . . . . . . . . . . . . . . .  B  ADDR  00DAH  NOT USED
CCF3 . . . . . . . . . . . . . . . .  B  ADDR  00DBH  NOT USED
CCF4 . . . . . . . . . . . . . . . .  B  ADDR  00DCH  NOT USED
CCON . . . . . . . . . . . . . . . .  D  ADDR  00D8H  NOT USED
CFINT. . . . . . . . . . . . . . . .  C  ADDR  0033H  NOT USED
CH . . . . . . . . . . . . . . . . .  D  ADDR  00F9H  NOT USED
CKCON. . . . . . . . . . . . . . . .  D  ADDR  008FH  NOT USED
CKCON0 . . . . . . . . . . . . . . .  D  ADDR  008FH  NOT USED
CKRL . . . . . . . . . . . . . . . .  D  ADDR  0097H  NOT USED
CKSEL. . . . . . . . . . . . . . . .  D  ADDR  0085H  NOT USED
CL . . . . . . . . . . . . . . . . .  D  ADDR  00E9H  NOT USED
CLKREG . . . . . . . . . . . . . . .  D  ADDR  008FH  NOT USED
CMOD . . . . . . . . . . . . . . . .  D  ADDR  00D9H  NOT USED
CONTINUE . . . . . . . . . . . . . .  C  ADDR  805EH
CPRL2. . . . . . . . . . . . . . . .  B  ADDR  00C8H  NOT USED
CR . . . . . . . . . . . . . . . . .  B  ADDR  00DEH  NOT USED
CT2. . . . . . . . . . . . . . . . .  B  ADDR  00C9H  NOT USED
CY . . . . . . . . . . . . . . . . .  B  ADDR  00D7H  NOT USED
DP0H . . . . . . . . . . . . . . . .  D  ADDR  0083H  NOT USED
DP0L . . . . . . . . . . . . . . . .  D  ADDR  0082H  NOT USED
DP1H . . . . . . . . . . . . . . . .  D  ADDR  0085H  NOT USED
DP1L . . . . . . . . . . . . . . . .  D  ADDR  0084H  NOT USED
DPH. . . . . . . . . . . . . . . . .  D  ADDR  0083H
DPL. . . . . . . . . . . . . . . . .  D  ADDR  0082H
EA . . . . . . . . . . . . . . . . .  B  ADDR  00AFH  NOT USED
EC . . . . . . . . . . . . . . . . .  B  ADDR  00AEH  NOT USED
EECON. . . . . . . . . . . . . . . .  D  ADDR  0096H  NOT USED
ENDING . . . . . . . . . . . . . . .  C  ADDR  8045H
ES . . . . . . . . . . . . . . . . .  B  ADDR  00ACH  NOT USED
ET0. . . . . . . . . . . . . . . . .  B  ADDR  00A9H  NOT USED
ET1. . . . . . . . . . . . . . . . .  B  ADDR  00ABH  NOT USED
ET2. . . . . . . . . . . . . . . . .  B  ADDR  00ADH  NOT USED
EX0. . . . . . . . . . . . . . . . .  B  ADDR  00A8H  NOT USED
EX1. . . . . . . . . . . . . . . . .  B  ADDR  00AAH  NOT USED
EXEN2. . . . . . . . . . . . . . . .  B  ADDR  00CBH  NOT USED
EXF2 . . . . . . . . . . . . . . . .  B  ADDR  00CEH  NOT USED
EXTI0. . . . . . . . . . . . . . . .  C  ADDR  0003H  NOT USED
EXTI1. . . . . . . . . . . . . . . .  C  ADDR  0013H  NOT USED
F0 . . . . . . . . . . . . . . . . .  B  ADDR  00D5H  NOT USED
FE . . . . . . . . . . . . . . . . .  B  ADDR  009FH  NOT USED
FINAL_CONDITION. . . . . . . . . . .  C  ADDR  80DCH
IE . . . . . . . . . . . . . . . . .  D  ADDR  00A8H
IE0. . . . . . . . . . . . . . . . .  B  ADDR  0089H  NOT USED
IE1. . . . . . . . . . . . . . . . .  B  ADDR  008BH  NOT USED
INT0 . . . . . . . . . . . . . . . .  B  ADDR  00B2H  NOT USED
INT1 . . . . . . . . . . . . . . . .  B  ADDR  00B3H  NOT USED
IP . . . . . . . . . . . . . . . . .  D  ADDR  00B8H  NOT USED
IPH. . . . . . . . . . . . . . . . .  D  ADDR  00B7H  NOT USED
IPH0 . . . . . . . . . . . . . . . .  D  ADDR  00B7H  NOT USED
IPH1 . . . . . . . . . . . . . . . .  D  ADDR  00B3H  NOT USED
IPL0 . . . . . . . . . . . . . . . .  D  ADDR  00B8H  NOT USED
IPL1 . . . . . . . . . . . . . . . .  D  ADDR  00B2H  NOT USED
IT0. . . . . . . . . . . . . . . . .  B  ADDR  0088H  NOT USED
IT1. . . . . . . . . . . . . . . . .  B  ADDR  008AH  NOT USED
KBE. . . . . . . . . . . . . . . . .  D  ADDR  009DH  NOT USED
KBF. . . . . . . . . . . . . . . . .  D  ADDR  009EH  NOT USED
KBLS . . . . . . . . . . . . . . . .  D  ADDR  009CH  NOT USED
LOOP . . . . . . . . . . . . . . . .  C  ADDR  8041H
MAIN . . . . . . . . . . . . . . . .  C  ADDR  8000H  NOT USED
OSCCON . . . . . . . . . . . . . . .  D  ADDR  0086H  NOT USED
OV . . . . . . . . . . . . . . . . .  B  ADDR  00D2H  NOT USED
P. . . . . . . . . . . . . . . . . .  B  ADDR  00D0H  NOT USED
P0 . . . . . . . . . . . . . . . . .  D  ADDR  0080H  NOT USED
P1 . . . . . . . . . . . . . . . . .  D  ADDR  0090H  NOT USED
P1M1 . . . . . . . . . . . . . . . .  D  ADDR  00D4H  NOT USED
P1M2 . . . . . . . . . . . . . . . .  D  ADDR  00E2H  NOT USED
P2 . . . . . . . . . . . . . . . . .  D  ADDR  00A0H  NOT USED
P3 . . . . . . . . . . . . . . . . .  D  ADDR  00B0H  NOT USED
P3M1 . . . . . . . . . . . . . . . .  D  ADDR  00D5H  NOT USED
P3M2 . . . . . . . . . . . . . . . .  D  ADDR  00E3H  NOT USED
P4 . . . . . . . . . . . . . . . . .  D  ADDR  00C0H  NOT USED
P4M1 . . . . . . . . . . . . . . . .  D  ADDR  00D6H  NOT USED
P4M2 . . . . . . . . . . . . . . . .  D  ADDR  00E4H  NOT USED
P5 . . . . . . . . . . . . . . . . .  D  ADDR  00E8H  NOT USED
PC . . . . . . . . . . . . . . . . .  B  ADDR  00BEH  NOT USED
PCON . . . . . . . . . . . . . . . .  D  ADDR  0087H  NOT USED
PPCL . . . . . . . . . . . . . . . .  B  ADDR  00BEH  NOT USED
PS . . . . . . . . . . . . . . . . .  B  ADDR  00BCH  NOT USED
PSL. . . . . . . . . . . . . . . . .  B  ADDR  00BCH  NOT USED
PSW. . . . . . . . . . . . . . . . .  D  ADDR  00D0H  NOT USED
PT0. . . . . . . . . . . . . . . . .  B  ADDR  00B9H  NOT USED
PT0L . . . . . . . . . . . . . . . .  B  ADDR  00B9H  NOT USED
PT1. . . . . . . . . . . . . . . . .  B  ADDR  00BBH  NOT USED
PT1L . . . . . . . . . . . . . . . .  B  ADDR  00BBH  NOT USED
PT2. . . . . . . . . . . . . . . . .  B  ADDR  00BDH  NOT USED
PT2L . . . . . . . . . . . . . . . .  B  ADDR  00BDH  NOT USED
PX0. . . . . . . . . . . . . . . . .  B  ADDR  00B8H  NOT USED
PX0L . . . . . . . . . . . . . . . .  B  ADDR  00B8H  NOT USED
PX1. . . . . . . . . . . . . . . . .  B  ADDR  00BAH  NOT USED
PX1L . . . . . . . . . . . . . . . .  B  ADDR  00BAH  NOT USED
RB8. . . . . . . . . . . . . . . . .  B  ADDR  009AH  NOT USED
RCAP2H . . . . . . . . . . . . . . .  D  ADDR  00CBH  NOT USED
RCAP2L . . . . . . . . . . . . . . .  D  ADDR  00CAH  NOT USED
RCLK . . . . . . . . . . . . . . . .  B  ADDR  00CDH  NOT USED
RD . . . . . . . . . . . . . . . . .  B  ADDR  00B7H  NOT USED
REN. . . . . . . . . . . . . . . . .  B  ADDR  009CH  NOT USED
RESET. . . . . . . . . . . . . . . .  C  ADDR  0000H  NOT USED
RI . . . . . . . . . . . . . . . . .  B  ADDR  0098H  NOT USED
RS0. . . . . . . . . . . . . . . . .  B  ADDR  00D3H  NOT USED
RS1. . . . . . . . . . . . . . . . .  B  ADDR  00D4H  NOT USED
RXD. . . . . . . . . . . . . . . . .  B  ADDR  00B0H  NOT USED
SADDR. . . . . . . . . . . . . . . .  D  ADDR  00A9H  NOT USED
SADDR_0. . . . . . . . . . . . . . .  D  ADDR  00A9H  NOT USED
SADDR_1. . . . . . . . . . . . . . .  D  ADDR  00AAH  NOT USED
SADEN. . . . . . . . . . . . . . . .  D  ADDR  00B9H  NOT USED
SADEN_0. . . . . . . . . . . . . . .  D  ADDR  00B9H  NOT USED
SADEN_1. . . . . . . . . . . . . . .  D  ADDR  00BAH  NOT USED
SBUF . . . . . . . . . . . . . . . .  D  ADDR  0099H
SCON . . . . . . . . . . . . . . . .  D  ADDR  0098H
SINT . . . . . . . . . . . . . . . .  C  ADDR  0023H  NOT USED
SM0. . . . . . . . . . . . . . . . .  B  ADDR  009FH  NOT USED
SM1. . . . . . . . . . . . . . . . .  B  ADDR  009EH  NOT USED
SM2. . . . . . . . . . . . . . . . .  B  ADDR  009DH  NOT USED
SP . . . . . . . . . . . . . . . . .  D  ADDR  0081H  NOT USED
SPCON. . . . . . . . . . . . . . . .  D  ADDR  00C3H  NOT USED
SPCR . . . . . . . . . . . . . . . .  D  ADDR  00D5H  NOT USED
SPDAT. . . . . . . . . . . . . . . .  D  ADDR  00C5H  NOT USED
SPDR . . . . . . . . . . . . . . . .  D  ADDR  0086H  NOT USED
SPSR . . . . . . . . . . . . . . . .  D  ADDR  00AAH  NOT USED
SPSTA. . . . . . . . . . . . . . . .  D  ADDR  00C4H  NOT USED
STATE0 . . . . . . . . . . . . . . .  C  ADDR  805EH  NOT USED
STATE1 . . . . . . . . . . . . . . .  C  ADDR  8069H
STATE2 . . . . . . . . . . . . . . .  C  ADDR  8076H
STATE3 . . . . . . . . . . . . . . .  C  ADDR  8082H
STATE4 . . . . . . . . . . . . . . .  C  ADDR  808EH
STATE5 . . . . . . . . . . . . . . .  C  ADDR  809DH
STATE6 . . . . . . . . . . . . . . .  C  ADDR  80B7H
T0 . . . . . . . . . . . . . . . . .  B  ADDR  00B4H  NOT USED
T1 . . . . . . . . . . . . . . . . .  B  ADDR  00B5H  NOT USED
T2CON. . . . . . . . . . . . . . . .  D  ADDR  00C8H  NOT USED
T2MOD. . . . . . . . . . . . . . . .  D  ADDR  00C9H  NOT USED
TB8. . . . . . . . . . . . . . . . .  B  ADDR  009BH  NOT USED
TCLK . . . . . . . . . . . . . . . .  B  ADDR  00CCH  NOT USED
TCON . . . . . . . . . . . . . . . .  D  ADDR  0088H  NOT USED
TF0. . . . . . . . . . . . . . . . .  B  ADDR  008DH  NOT USED
TF1. . . . . . . . . . . . . . . . .  B  ADDR  008FH  NOT USED
TF2. . . . . . . . . . . . . . . . .  B  ADDR  00CFH  NOT USED
TH0. . . . . . . . . . . . . . . . .  D  ADDR  008CH  NOT USED
TH1. . . . . . . . . . . . . . . . .  D  ADDR  008DH
TH2. . . . . . . . . . . . . . . . .  D  ADDR  00CDH  NOT USED
TI . . . . . . . . . . . . . . . . .  B  ADDR  0099H
TIMER0 . . . . . . . . . . . . . . .  C  ADDR  000BH  NOT USED
TIMER1 . . . . . . . . . . . . . . .  C  ADDR  001BH  NOT USED
TIMER2 . . . . . . . . . . . . . . .  C  ADDR  002BH  NOT USED
TL0. . . . . . . . . . . . . . . . .  D  ADDR  008AH  NOT USED
TL1. . . . . . . . . . . . . . . . .  D  ADDR  008BH
TL2. . . . . . . . . . . . . . . . .  D  ADDR  00CCH  NOT USED
TMOD . . . . . . . . . . . . . . . .  D  ADDR  0089H
TR0. . . . . . . . . . . . . . . . .  B  ADDR  008CH  NOT USED
TR1. . . . . . . . . . . . . . . . .  B  ADDR  008EH
TR2. . . . . . . . . . . . . . . . .  B  ADDR  00CAH  NOT USED
TRANSMIT . . . . . . . . . . . . . .  C  ADDR  8051H
TXD. . . . . . . . . . . . . . . . .  B  ADDR  00B1H  NOT USED
WDTCON . . . . . . . . . . . . . . .  D  ADDR  00A7H  NOT USED
WDTPRG . . . . . . . . . . . . . . .  D  ADDR  00A7H  NOT USED
WDTRST . . . . . . . . . . . . . . .  D  ADDR  00A6H  NOT USED
WR . . . . . . . . . . . . . . . . .  B  ADDR  00B6H  NOT USED